# JRE version: OpenJDK Runtime Environment (19.0.1+10) (build 19.0.1+10-21)
# Java VM: OpenJDK 64-Bit Server VM (19.0.1+10-21, mixed mode, sharing, tiered, compressed oops, compressed class ptrs, g1 gc, windows-amd64)
GC Precious Log:
 CardTable entry size: 512
 Card Set container configuration: InlinePtr #cards 5 size 8 Array Of Cards #cards 12 size 40 Howl #buckets 4 coarsen threshold 1843 Howl Bitmap #cards 512 size 80 coarsen threshold 460 Card regions per heap region 1 cards per card region 2048
 CPUs: 4 total, 4 available
 Memory: 7960M
 Large Page Support: Disabled
 NUMA Support: Disabled
 Compressed Oops: Enabled (32-bit)
 Heap Region Size: 1M
 Heap Min Capacity: 8M
 Heap Initial Capacity: 126M
 Heap Max Capacity: 1992M
 Pre-touch: Disabled
 Parallel Workers: 4
 Concurrent Workers: 1
 Concurrent Refinement Workers: 4
 Periodic GC: Disabled
Heap:
 garbage-first heap   total 95232K, used 65989K [0x0000000083800000, 0x0000000100000000)
  region size 1024K, 5 young (5120K), 3 survivors (3072K)
 Metaspace       used 47125K, committed 47680K, reserved 1114112K
  class space    used 5348K, committed 5568K, reserved 1048576K
GC Heap History (20 events):
Event: 18.083 GC heap before
{Heap before GC invocations=8 (full 0):
 garbage-first heap   total 74752K, used 50800K [0x0000000083800000, 0x0000000100000000)
  region size 1024K, 20 young (20480K), 2 survivors (2048K)
 Metaspace       used 28247K, committed 28672K, reserved 1114112K
  class space    used 3076K, committed 3264K, reserved 1048576K
}
Event: 18.091 GC heap after
{Heap after GC invocations=9 (full 0):
 garbage-first heap   total 74752K, used 34475K [0x0000000083800000, 0x0000000100000000)
  region size 1024K, 3 young (3072K), 3 survivors (3072K)
 Metaspace       used 28247K, committed 28672K, reserved 1114112K
  class space    used 3076K, committed 3264K, reserved 1048576K
}
Event: 18.092 GC heap before
{Heap before GC invocations=9 (full 0):
 garbage-first heap   total 74752K, used 37547K [0x0000000083800000, 0x0000000100000000)
  region size 1024K, 4 young (4096K), 3 survivors (3072K)
 Metaspace       used 28247K, committed 28672K, reserved 1114112K
  class space    used 3076K, committed 3264K, reserved 1048576K
}
Event: 18.099 GC heap after
{Heap after GC invocations=10 (full 0):
 garbage-first heap   total 74752K, used 37567K [0x0000000083800000, 0x0000000100000000)
  region size 1024K, 2 young (2048K), 2 survivors (2048K)
 Metaspace       used 28247K, committed 28672K, reserved 1114112K
  class space    used 3076K, committed 3264K, reserved 1048576K
}
Event: 20.171 GC heap before
{Heap before GC invocations=11 (full 0):
 garbage-first heap   total 75776K, used 74431K [0x0000000083800000, 0x0000000100000000)
  region size 1024K, 21 young (21504K), 2 survivors (2048K)
 Metaspace       used 28698K, committed 29056K, reserved 1114112K
  class space    used 3117K, committed 3264K, reserved 1048576K
}
Event: 20.180 GC heap after
{Heap after GC invocations=12 (full 0):
 garbage-first heap   total 78848K, used 31255K [0x0000000083800000, 0x0000000100000000)
  region size 1024K, 3 young (3072K), 3 survivors (3072K)
 Metaspace       used 28698K, committed 29056K, reserved 1114112K
  class space    used 3117K, committed 3264K, reserved 1048576K
}
Event: 20.257 GC heap before
{Heap before GC invocations=12 (full 0):
 garbage-first heap   total 78848K, used 32279K [0x0000000083800000, 0x0000000100000000)
  region size 1024K, 4 young (4096K), 3 survivors (3072K)
 Metaspace       used 28713K, committed 29120K, reserved 1114112K
  class space    used 3117K, committed 3264K, reserved 1048576K
}
Event: 20.264 GC heap after
{Heap after GC invocations=13 (full 0):
 garbage-first heap   total 78848K, used 28336K [0x0000000083800000, 0x0000000100000000)
  region size 1024K, 1 young (1024K), 1 survivors (1024K)
 Metaspace       used 28713K, committed 29120K, reserved 1114112K
  class space    used 3117K, committed 3264K, reserved 1048576K
}
Event: 23.963 GC heap before
{Heap before GC invocations=13 (full 0):
 garbage-first heap   total 78848K, used 60080K [0x0000000083800000, 0x0000000100000000)
  region size 1024K, 32 young (32768K), 1 survivors (1024K)
 Metaspace       used 30318K, committed 30848K, reserved 1114112K
  class space    used 3315K, committed 3584K, reserved 1048576K
}
Event: 23.968 GC heap after
{Heap after GC invocations=14 (full 0):
 garbage-first heap   total 95232K, used 30351K [0x0000000083800000, 0x0000000100000000)
  region size 1024K, 3 young (3072K), 3 survivors (3072K)
 Metaspace       used 30318K, committed 30848K, reserved 1114112K
  class space    used 3315K, committed 3584K, reserved 1048576K
}
Event: 26.017 GC heap before
{Heap before GC invocations=14 (full 0):
 garbage-first heap   total 95232K, used 72335K [0x0000000083800000, 0x0000000100000000)
  region size 1024K, 44 young (45056K), 3 survivors (3072K)
 Metaspace       used 30474K, committed 31040K, reserved 1114112K
  class space    used 3327K, committed 3584K, reserved 1048576K
}
Event: 26.028 GC heap after
{Heap after GC invocations=15 (full 0):
 garbage-first heap   total 95232K, used 32493K [0x0000000083800000, 0x0000000100000000)
  region size 1024K, 5 young (5120K), 5 survivors (5120K)
 Metaspace       used 30474K, committed 31040K, reserved 1114112K
  class space    used 3327K, committed 3584K, reserved 1048576K
}
Event: 27.249 GC heap before
{Heap before GC invocations=15 (full 0):
 garbage-first heap   total 95232K, used 75501K [0x0000000083800000, 0x0000000100000000)
  region size 1024K, 45 young (46080K), 5 survivors (5120K)
 Metaspace       used 30913K, committed 31424K, reserved 1114112K
  class space    used 3382K, committed 3648K, reserved 1048576K
}
Event: 27.258 GC heap after
{Heap after GC invocations=16 (full 0):
 garbage-first heap   total 95232K, used 36883K [0x0000000083800000, 0x0000000100000000)
  region size 1024K, 6 young (6144K), 6 survivors (6144K)
 Metaspace       used 30913K, committed 31424K, reserved 1114112K
  class space    used 3382K, committed 3648K, reserved 1048576K
}
Event: 32.474 GC heap before
{Heap before GC invocations=16 (full 0):
 garbage-first heap   total 95232K, used 73747K [0x0000000083800000, 0x0000000100000000)
  region size 1024K, 42 young (43008K), 6 survivors (6144K)
 Metaspace       used 39176K, committed 39808K, reserved 1114112K
  class space    used 4317K, committed 4608K, reserved 1048576K
}
Event: 32.492 GC heap after
{Heap after GC invocations=17 (full 0):
 garbage-first heap   total 95232K, used 39498K [0x0000000083800000, 0x0000000100000000)
  region size 1024K, 3 young (3072K), 3 survivors (3072K)
 Metaspace       used 39176K, committed 39808K, reserved 1114112K
  class space    used 4317K, committed 4608K, reserved 1048576K
}
Event: 39.015 GC heap before
{Heap before GC invocations=17 (full 0):
 garbage-first heap   total 95232K, used 75338K [0x0000000083800000, 0x0000000100000000)
  region size 1024K, 38 young (38912K), 3 survivors (3072K)
 Metaspace       used 46051K, committed 46528K, reserved 1114112K
  class space    used 5222K, committed 5440K, reserved 1048576K
}
Event: 39.027 GC heap after
{Heap after GC invocations=18 (full 0):
 garbage-first heap   total 95232K, used 41719K [0x0000000083800000, 0x0000000100000000)
  region size 1024K, 2 young (2048K), 2 survivors (2048K)
 Metaspace       used 46051K, committed 46528K, reserved 1114112K
  class space    used 5222K, committed 5440K, reserved 1048576K
}
Event: 175.258 GC heap before
{Heap before GC invocations=18 (full 0):
 garbage-first heap   total 95232K, used 49911K [0x0000000083800000, 0x0000000100000000)
  region size 1024K, 8 young (8192K), 2 survivors (2048K)
 Metaspace       used 46884K, committed 47424K, reserved 1114112K
  class space    used 5321K, committed 5568K, reserved 1048576K
}
Event: 175.277 GC heap after
{Heap after GC invocations=19 (full 0):
 garbage-first heap   total 95232K, used 45509K [0x0000000083800000, 0x0000000100000000)
  region size 1024K, 3 young (3072K), 3 survivors (3072K)
 Metaspace       used 46884K, committed 47424K, reserved 1114112K
  class space    used 5321K, committed 5568K, reserved 1048576K
}

